================================================================================
Timestamp: 2025-05-26 18:43:05
Game Evaluation Results:
  Average Score: 3.65
  Min Score: 0
  Max Score: 16
  Score Std Dev: 3.80
  All Scores: [1, 2, 0, 2, 16, 3, 2, 3, 3, 1, 0, 2, 5, 3, 3, 6, 11, 1, 7, 2]
Weight Statistics:
  Mean: -0.0533
  Std Dev: 0.7146
  Min: -1.0000
  Max: 1.0000
  Positive Weights: 33
  Negative Weights: 40
Weights: 0.4466245507883563,-0.2986890256225544,-0.3939883636078972,0.8799832202320188,0.17131951281275898,-0.42778877024939116,0.9249119286334189,-0.9951126923925574,0.8842461639895585,-1.0,-0.6916147456464252,-0.30450565579617805,1.0,0.5981300334759329,-1.0,-0.9967805099473771,-0.2364637732777143,-0.3765854534907757,-0.21707169480649238,0.6968701675409474,-0.7095588235281531,-0.7415253263053851,1.0,-0.4207081306383051,-0.9216229618162782,0.12015091310867788,-0.9997833851293173,0.9409039875254716,-1.0,0.8851563086685764,0.20245793521829872,0.5942766976280355,0.6215725185802216,-0.02730042493366563,-0.9910762670386933,0.7828280019612911,-0.36602967775345696,-0.02927701880329867,-0.9584616192156097,0.33265865748635015,0.32186356818016926,0.1595582617320806,-0.8169595070753541,0.9547909352236039,-0.347842494206717,0.8742015060061686,0.5470196598061342,0.9161842366072822,-0.8181171064246108,0.5149226498937413,-0.6567627998302479,0.8076827902117991,-0.8367906637002511,-0.7744466264506384,0.13782667980948776,0.9811473660194898,-0.1604421595058279,1.0,-0.7441197893553867,-0.7924195757289024,-0.38715898527305437,-0.848985087656203,-0.9548553203128773,-0.919976844512593,0.44811301219979244,-0.4064688278365551,0.8382587726661255,-0.9322850233381625,-0.1563332216603487,0.6213136338907826,-0.9795975231791825,0.5449305528003285,1.0

================================================================================
Timestamp: 2025-05-26 18:43:39
Game Evaluation Results:
  Average Score: 9.75
  Min Score: 0
  Max Score: 22
  Score Std Dev: 6.65
  All Scores: [4, 17, 5, 6, 22, 20, 14, 11, 17, 3, 9, 14, 8, 4, 0, 5, 1, 3, 13, 19]
Weight Statistics:
  Mean: -0.0292
  Std Dev: 0.6448
  Min: -1.0000
  Max: 1.0000
  Positive Weights: 36
  Negative Weights: 37
Weights: 0.6254520895452848,0.2140135891245285,0.08706629507694989,0.27570864945631807,-0.02082647222998872,0.3521748721847359,0.14760872707841585,-0.9301793195106369,-0.2290991134855434,-0.16112048015037372,0.983214751962139,-0.4451167697266496,-0.4612054125409222,-0.6491372669942248,-0.47395244191870706,-0.41690390132053695,-1.0,0.1945103030836156,0.9784711282655372,-0.9799381921312517,-0.9349704685523218,0.07532022580247363,-0.37446200034227084,0.002810790273827534,-1.0,-1.0,1.0,0.24124782983969795,0.5364132260025276,-0.46984294670743365,-0.0490447238414519,-0.15644548756575097,-0.7027473428729757,-0.4129450231447966,0.8724849797302331,0.9185592275159614,0.1422299530713617,-0.029460209330131187,-0.6511557869510282,0.9621064616957418,0.03105333050042368,-0.17575787265634288,0.3990049774362618,0.0958723492115646,1.0,-1.0,0.9277924428358979,0.8833367407853935,0.34130024350927346,-0.050063687270052074,-0.6038272785630755,1.0,-0.9457184389438079,-0.5267933894710983,-0.31004078846380717,0.27306393480831653,0.9638741080437883,0.8201101403789153,-0.6499932782888664,-0.9651263959446034,0.09334377978913348,-0.22488105434409114,0.8075809254886865,-0.9028181501635898,0.37736188231263096,-0.3029259438824966,0.44658182750905984,-0.8033077679876668,-0.9545075057962498,0.9427500358419035,0.2764501276112382,-1.0,0.5426777317479612

================================================================================
Timestamp: 2025-05-26 18:44:09
Game Evaluation Results:
  Average Score: 9.85
  Min Score: 0
  Max Score: 34
  Score Std Dev: 10.09
  All Scores: [12, 3, 5, 3, 6, 2, 3, 1, 30, 12, 6, 26, 3, 22, 2, 0, 2, 15, 34, 10]
Weight Statistics:
  Mean: -0.1069
  Std Dev: 0.6852
  Min: -1.0000
  Max: 1.0000
  Positive Weights: 31
  Negative Weights: 42
Weights: 0.9867659276935733,-0.5307367130497453,-1.0,0.9670396280509063,0.8523730078673509,1.0,-0.4464276062777941,0.3333199784181279,-0.18530290412772382,1.0,-0.7658022022836608,-0.8286704169178568,0.5088850550609479,-0.31610874442647774,-0.6068009592158781,-1.0,-1.0,-0.5167288344040757,0.13521394312684692,-0.6069662517329857,0.7790689124202661,-0.23138705065175363,0.04081503183527394,0.05651850295869633,-1.0,0.21231475925350438,0.630799532149888,-1.0,-0.5927968145892757,-0.9117147521651133,-0.7175815848001514,-0.5963954374832786,-0.21335702712340865,0.1521994951389685,-0.2560967312474004,-0.9237929717610991,-0.21225204128394015,-0.5759215529092626,-1.0,0.007218638708015781,-0.978383634962505,0.2272292833838113,-0.42681652592629293,0.8193955992061407,0.953462567007618,0.9938028128760621,-0.6049587679196817,0.5267855207894067,-0.07711579773265491,0.9761723394536348,-0.33749154751555993,0.6327400641265085,0.6930101969838864,-0.5534936522249165,0.36163759202285206,-0.6300591619957927,-1.0,-0.2026883775189898,-0.29601993978463836,-0.7212145661902561,0.12213748069870438,0.7977132087874984,-0.916856370023913,-0.4185151654014371,0.38116358775875847,-1.0,-0.8865850812953715,0.7424467084392008,-0.9890316633498852,0.7508897710093911,1.0,-0.3741199492673347,1.0

================================================================================
Timestamp: 2025-05-26 18:44:45
Game Evaluation Results:
  Average Score: 10.70
  Min Score: 0
  Max Score: 31
  Score Std Dev: 9.50
  All Scores: [17, 3, 0, 13, 8, 4, 3, 4, 28, 0, 13, 23, 16, 4, 2, 7, 4, 26, 8, 31]
Weight Statistics:
  Mean: -0.1938
  Std Dev: 0.7176
  Min: -1.0000
  Max: 1.0000
  Positive Weights: 29
  Negative Weights: 44
Weights: 0.7162139912746652,1.0,-0.9240003738550925,-0.055671250240010385,0.7674759539637088,0.9358151786509534,0.3095111076112865,0.6922399744421726,0.4720740778643102,-0.9050315306252462,-0.25339396182368146,-0.6338789769096902,-0.31949221547967316,-0.3052165410120652,-0.9854300549023186,0.8333100093882428,-0.20535221133959014,-0.9601235478130153,0.22509740898953734,-0.11947778499725448,-0.9234983762503025,-1.0,0.6615378620844485,-0.9430861071269634,-1.0,-1.0,0.9188109099834376,0.9196047636016268,-0.9953701769002472,-0.9478068629213682,-0.9051217113101909,0.5578613083375051,0.05934714841596697,-0.8709448099225713,-0.696340573057535,-0.1009747925875035,-0.3176075013291455,0.15830264074948722,-1.0,-0.634696788468643,-0.9367234253809329,-0.5969697139409649,0.8175027935883191,-1.0,0.1509672061042618,-0.3848481547020491,-0.9632299834658012,-0.9004787409091658,0.020695445240768745,-0.2848500985679464,-0.9667812322655096,0.6843256146406109,-0.592491016367077,-0.8699328530229498,-0.789114136401049,0.9879069071354933,0.4830835300490198,0.5672817750573118,-1.0,-0.7475856841066104,-0.471799331840695,0.09810494391729241,0.5109741399254356,1.0,-0.6779861514842546,0.2577023061200719,-0.9240702152796862,0.9321578265019136,-1.0,-1.0,-0.5896345303412432,0.8843163213687812,0.9273370397231148

================================================================================
Timestamp: 2025-05-26 18:45:23
Game Evaluation Results:
  Average Score: 21.45
  Min Score: 0
  Max Score: 39
  Score Std Dev: 11.46
  All Scores: [34, 33, 33, 23, 0, 28, 5, 23, 31, 3, 39, 19, 8, 25, 21, 29, 33, 23, 11, 8]
Weight Statistics:
  Mean: 0.0278
  Std Dev: 0.6784
  Min: -1.0000
  Max: 1.0000
  Positive Weights: 37
  Negative Weights: 36
Weights: 1.0,0.6720965927091624,0.4492200310775022,0.5172349561281415,0.28015107456172894,0.06696716799119093,1.0,0.9648234981564083,-0.3973615845039704,-1.0,0.47283699166905896,-0.996893797415864,0.9641205384829711,0.4829199255753281,-0.5908778316996106,-0.7853387440361095,1.0,-0.1959104669030304,-0.5029437730241799,-0.9237940889117723,-0.9311180212562614,0.9677344218027991,0.7993781623063791,0.5498901132530093,0.6340052994778015,0.7832820742735337,0.7072763541570057,1.0,-1.0,-0.9750461734099307,0.16257438179772382,1.0,-0.7339847198305582,0.15347444540523092,0.5511381492885634,-0.279180807134213,-0.5561168774092267,-1.0,-0.05451299975645454,0.07096295854660528,0.3792242581575962,0.2507821318126138,-0.21855344455685013,-0.33934579114399976,1.0,0.5436910052829089,-0.02406786121303281,-0.25817855064192813,0.8796172230798299,-0.5973126466522354,-0.49887153423042396,-0.9250249706375548,-0.7977845513934783,0.8320097980153103,-0.8691952869824684,-0.18561791060777846,-0.9170414594459699,0.16703858801851723,-0.02971413742150362,-0.7673305164481732,-0.3986952048557722,0.6272685588965947,-0.004575458885605482,0.7904924048334943,0.6408874426203459,-0.7229474449074879,0.28526317643209037,-0.7149485045887829,-0.8339132830332455,-0.3257261730251582,0.35988013987841155,-0.6273639030430744,1.0

================================================================================
Timestamp: 2025-05-26 18:46:26
Game Evaluation Results:
  Average Score: 12.00
  Min Score: 0
  Max Score: 29
  Score Std Dev: 8.96
  All Scores: [9, 5, 0, 9, 11, 19, 21, 7, 29, 2, 1, 23, 11, 2, 8, 26, 19, 23, 14, 1]
Weight Statistics:
  Mean: 0.0449
  Std Dev: 0.6528
  Min: -1.0000
  Max: 1.0000
  Positive Weights: 41
  Negative Weights: 32
Weights: 0.40698328408970774,-1.0,0.3280778705219556,0.4452194276281697,0.769457932631027,1.0,0.5596702106007921,0.42151477593716413,0.26279782808518126,0.6665237789663948,-0.6917314523518677,-1.0,1.0,0.5391125609386874,0.20858857192522817,-0.31079211543102014,0.9261314839466103,-0.4850638582003588,-0.10622076919735401,0.45960658322393166,0.02773733155424385,0.14972499789312577,-0.21868809917410736,0.5714510995843941,0.7450786831375592,1.0,-0.5269390946360348,-0.7359560102453713,-0.6691077795844607,0.9098710586529174,-0.3702857864357363,0.4054754409560327,-1.0,0.08941589710834863,0.41445237828118653,1.0,0.5762559648836691,0.39719806700329197,0.37835886935466423,-0.3199596358225878,-0.6879433788948702,-0.7866243939576928,-0.8332137738181703,-0.4721685053947692,1.0,0.6038737377557684,0.32246116988061313,1.0,0.7428164302215946,0.9272396590089139,-0.9106035138276851,0.3070219364057053,-0.8874427988785945,-0.4015551216913811,1.0,-0.8010469134867592,-1.0,0.09387661038654516,-0.5670488678653174,-1.0,-0.45167080202071563,0.0129834338843281,-0.09937435783159965,-0.6626771870045346,0.14253115832461072,-0.12752951137050828,-0.26304990919683113,0.5874637603975196,-0.6962931533165444,-0.4497613212469219,1.0,-1.0,0.41473590512701475

================================================================================
Timestamp: 2025-05-26 18:47:00
Game Evaluation Results:
  Average Score: 10.40
  Min Score: 1
  Max Score: 31
  Score Std Dev: 8.37
  All Scores: [1, 7, 21, 1, 16, 31, 6, 15, 4, 5, 2, 11, 4, 9, 19, 21, 5, 21, 8, 1]
Weight Statistics:
  Mean: -0.0196
  Std Dev: 0.6135
  Min: -1.0000
  Max: 1.0000
  Positive Weights: 38
  Negative Weights: 35
Weights: -0.425383842422651,-0.20613697456770091,-0.7612417052340277,1.0,0.048460454282453075,-0.7350860423343095,0.596177515604644,-1.0,0.5147665971822022,-0.934281706682462,0.41638242750961796,0.574737300625079,-0.2685756840293675,0.9764059807735099,0.8174704927772172,-0.5501557395476724,-0.9658908925773302,-0.15497261131670814,0.02101761275089456,-0.8674941358945187,-0.16079910439077838,0.39826593723260156,0.7927892023207372,-0.5691313068140931,-0.7740396255868084,-0.8514724957030695,0.17148273638911987,0.4751667927749065,0.9789231268071836,-1.0,-0.32233767854364004,0.15245109325548897,-0.6000396639632113,-0.4367664002825574,-1.0,-0.5711408222540739,-0.4205485643298814,0.22389262559932074,0.7812960018013416,0.4502597062869523,0.44049135756007535,-0.2555544096200718,0.672504324995706,-0.43959104157931295,-0.9488759297639765,0.8794279308027447,0.9788447330865298,-0.8206123884049578,-0.9321512535457862,-0.3986764409897551,0.7324146033269393,0.06123554194527858,0.2576755760163107,0.6767714625792328,0.0416118755633883,0.5814205102701135,-0.49021615412399344,0.06504803812811658,0.3281042484190721,0.04275939863826209,-0.49492591310157014,0.7209087115421445,-0.5773346293097635,0.317735981391516,-0.6061592492231542,0.9411152968248568,0.3636008232936052,1.0,0.13394552900855938,-0.26051182297478687,0.08219295290405573,-0.10180059083191642,-0.23498949252620818

================================================================================
Timestamp: 2025-05-26 19:13:18
Game Evaluation Results:
  Average Score: 19.30
  Min Score: 0
  Max Score: 45
  Score Std Dev: 12.57
  All Scores: [45, 0, 31, 3, 2, 28, 21, 30, 10, 6, 26, 9, 26, 21, 6, 32, 6, 25, 27, 32]
Weight Statistics:
  Mean: 0.0278
  Std Dev: 0.6784
  Min: -1.0000
  Max: 1.0000
  Positive Weights: 37
  Negative Weights: 36
Weights: 1.0,0.6720965927091624,0.4492200310775022,0.5172349561281415,0.28015107456172894,0.06696716799119093,1.0,0.9648234981564083,-0.3973615845039704,-1.0,0.47283699166905896,-0.996893797415864,0.9641205384829711,0.4829199255753281,-0.5908778316996106,-0.7853387440361095,1.0,-0.1959104669030304,-0.5029437730241799,-0.9237940889117723,-0.9311180212562614,0.9677344218027991,0.7993781623063791,0.5498901132530093,0.6340052994778015,0.7832820742735337,0.7072763541570057,1.0,-1.0,-0.9750461734099307,0.16257438179772382,1.0,-0.7339847198305582,0.15347444540523092,0.5511381492885634,-0.279180807134213,-0.5561168774092267,-1.0,-0.05451299975645454,0.07096295854660528,0.3792242581575962,0.2507821318126138,-0.21855344455685013,-0.33934579114399976,1.0,0.5436910052829089,-0.02406786121303281,-0.25817855064192813,0.8796172230798299,-0.5973126466522354,-0.49887153423042396,-0.9250249706375548,-0.7977845513934783,0.8320097980153103,-0.8691952869824684,-0.18561791060777846,-0.9170414594459699,0.16703858801851723,-0.02971413742150362,-0.7673305164481732,-0.3986952048557722,0.6272685588965947,-0.004575458885605482,0.7904924048334943,0.6408874426203459,-0.7229474449074879,0.28526317643209037,-0.7149485045887829,-0.8339132830332455,-0.3257261730251582,0.35988013987841155,-0.6273639030430744,1.0

================================================================================
Timestamp: 2025-05-26 19:14:04
Game Evaluation Results:
  Average Score: 16.80
  Min Score: 4
  Max Score: 32
  Score Std Dev: 8.73
  All Scores: [25, 25, 13, 11, 11, 19, 6, 26, 9, 11, 27, 9, 32, 4, 26, 13, 29, 4, 14, 22]
Weight Statistics:
  Mean: 0.0278
  Std Dev: 0.6784
  Min: -1.0000
  Max: 1.0000
  Positive Weights: 37
  Negative Weights: 36
Weights: 1.0,0.6720965927091624,0.4492200310775022,0.5172349561281415,0.28015107456172894,0.06696716799119093,1.0,0.9648234981564083,-0.3973615845039704,-1.0,0.47283699166905896,-0.996893797415864,0.9641205384829711,0.4829199255753281,-0.5908778316996106,-0.7853387440361095,1.0,-0.1959104669030304,-0.5029437730241799,-0.9237940889117723,-0.9311180212562614,0.9677344218027991,0.7993781623063791,0.5498901132530093,0.6340052994778015,0.7832820742735337,0.7072763541570057,1.0,-1.0,-0.9750461734099307,0.16257438179772382,1.0,-0.7339847198305582,0.15347444540523092,0.5511381492885634,-0.279180807134213,-0.5561168774092267,-1.0,-0.05451299975645454,0.07096295854660528,0.3792242581575962,0.2507821318126138,-0.21855344455685013,-0.33934579114399976,1.0,0.5436910052829089,-0.02406786121303281,-0.25817855064192813,0.8796172230798299,-0.5973126466522354,-0.49887153423042396,-0.9250249706375548,-0.7977845513934783,0.8320097980153103,-0.8691952869824684,-0.18561791060777846,-0.9170414594459699,0.16703858801851723,-0.02971413742150362,-0.7673305164481732,-0.3986952048557722,0.6272685588965947,-0.004575458885605482,0.7904924048334943,0.6408874426203459,-0.7229474449074879,0.28526317643209037,-0.7149485045887829,-0.8339132830332455,-0.3257261730251582,0.35988013987841155,-0.6273639030430744,1.0

================================================================================
Timestamp: 2025-05-26 19:42:03
Game Evaluation Results:
  Average Score: 13.80
  Min Score: 1
  Max Score: 30
  Score Std Dev: 9.71
  All Scores: [7, 1, 3, 7, 9, 22, 19, 19, 27, 7, 6, 4, 27, 16, 2, 26, 24, 18, 30, 2]
Weight Statistics:
  Mean: -0.1005
  Std Dev: 0.6449
  Min: -1.0000
  Max: 1.0000
  Positive Weights: 35
  Negative Weights: 38
Weights: 0.7852550963646098,0.3779178951434513,0.8521061160934298,-0.8370290422821263,-1.0,0.6258495677582442,-0.6058770102511657,-1.0,0.7410936769991086,-0.7307404965515074,-0.4108618681179287,0.27901130704733734,-0.02978585934135436,-1.0,-0.7694075617761481,0.23532837064833279,0.023597070865301717,-0.34535428169914895,-0.026091533614791995,0.07361227747474985,0.06127850073837282,-0.9677417735701274,0.16742893015893223,0.4777497771484208,-0.22593697185219663,-0.8583679843282178,-0.6284847156051875,-0.0571825556921195,-1.0,-0.029633032673760717,-0.42065388704867546,0.3193994415919693,-0.34285255701397754,1.0,0.14400392962376096,0.6705633845048201,0.536723236576565,0.9753529404730482,0.28686409063289664,0.5114443753176948,-0.8273613872331935,-1.0,0.8520985200503829,0.9214152186412079,-0.13969023600343444,0.15813700201542435,-0.6749201357438995,-0.917955344540244,-1.0,0.6347511094559516,-0.585661089063963,-0.38091646767803544,1.0,0.01844727134236479,-0.44370792774244194,-1.0,0.6927752794745774,0.633310032572769,0.7091001571416354,0.2342801817305462,-1.0,-0.8764269765839733,0.414626008421069,-0.13655934132507797,-0.759344257852925,-0.9757211040385545,-0.41112700073920316,-0.7756039712646738,0.185778880645163,0.019402023578813377,0.7395996681829954,-1.0,0.4992129742529723

================================================================================
Timestamp: 2025-05-26 19:48:23
Game Evaluation Results:
  Average Score: 14.65
  Min Score: 1
  Max Score: 35
  Score Std Dev: 9.46
  All Scores: [29, 21, 12, 6, 20, 23, 22, 5, 15, 5, 11, 14, 6, 1, 35, 10, 19, 4, 6, 29]
Weight Statistics:
  Mean: -0.1267
  Std Dev: 0.6147
  Min: -1.0000
  Max: 1.0000
  Positive Weights: 32
  Negative Weights: 41
Weights: 0.8002446161881769,-0.5003006970098307,0.7064598957652458,0.10909059089918949,-0.29665559528202545,-0.04328058991151462,0.026258086495996924,0.33508856295919864,-0.895777975180139,-0.46487198285856457,0.8487748048798944,-0.373457297295853,0.1313689966049293,-0.13699045602328908,-1.0,0.7488547680420774,-0.398463930319233,-1.0,-0.217576615673704,-1.0,0.3405535216703055,-0.8152010881579357,0.38431119577843476,-0.6879492969255858,0.80902316689001,-0.24506580853671212,-0.35079940183750413,-0.8397551648883163,-0.09166499881635792,-0.7201667474801474,0.5867932677998708,0.4037727051484393,-0.7599069306414183,-0.4285582992077389,-0.30562314023176107,-1.0,0.25896622859360674,0.5298392780495216,1.0,-1.0,0.7765064982435906,0.4637669966202521,0.03535778793637234,-1.0,0.7143470805804317,-0.11226878271767005,-0.4499658826659936,-1.0,-1.0,-1.0,0.07336892949619689,-0.7798443483153342,-0.9151970144246102,-0.28858877270769345,1.0,-1.0,0.279743979130481,0.7047806830100349,0.6516649410021013,0.4467382227905271,-0.4290461163405398,-0.04595091402790208,0.5574888682713574,0.2160592024504302,-0.4639535136020436,-0.671392815685134,-0.3558049025032155,0.4916950956090861,-0.6989367863414784,0.19032744991711925,0.6262794857017481,-0.7193013879903072,0.004317929658407604

================================================================================
Timestamp: 2025-05-26 19:50:20
Game Evaluation Results:
  Average Score: 13.35
  Min Score: 1
  Max Score: 36
  Score Std Dev: 10.52
  All Scores: [3, 17, 26, 33, 12, 13, 10, 10, 27, 12, 1, 3, 10, 4, 26, 3, 4, 14, 36, 3]
Weight Statistics:
  Mean: -0.1267
  Std Dev: 0.6147
  Min: -1.0000
  Max: 1.0000
  Positive Weights: 32
  Negative Weights: 41
Weights: 0.8002446161881769,-0.5003006970098307,0.7064598957652458,0.10909059089918949,-0.29665559528202545,-0.04328058991151462,0.026258086495996924,0.33508856295919864,-0.895777975180139,-0.46487198285856457,0.8487748048798944,-0.373457297295853,0.1313689966049293,-0.13699045602328908,-1.0,0.7488547680420774,-0.398463930319233,-1.0,-0.217576615673704,-1.0,0.3405535216703055,-0.8152010881579357,0.38431119577843476,-0.6879492969255858,0.80902316689001,-0.24506580853671212,-0.35079940183750413,-0.8397551648883163,-0.09166499881635792,-0.7201667474801474,0.5867932677998708,0.4037727051484393,-0.7599069306414183,-0.4285582992077389,-0.30562314023176107,-1.0,0.25896622859360674,0.5298392780495216,1.0,-1.0,0.7765064982435906,0.4637669966202521,0.03535778793637234,-1.0,0.7143470805804317,-0.11226878271767005,-0.4499658826659936,-1.0,-1.0,-1.0,0.07336892949619689,-0.7798443483153342,-0.9151970144246102,-0.28858877270769345,1.0,-1.0,0.279743979130481,0.7047806830100349,0.6516649410021013,0.4467382227905271,-0.4290461163405398,-0.04595091402790208,0.5574888682713574,0.2160592024504302,-0.4639535136020436,-0.671392815685134,-0.3558049025032155,0.4916950956090861,-0.6989367863414784,0.19032744991711925,0.6262794857017481,-0.7193013879903072,0.004317929658407604

================================================================================
Timestamp: 2025-05-26 19:50:53
Game Evaluation Results:
  Average Score: 18.30
  Min Score: 3
  Max Score: 35
  Score Std Dev: 10.34
  All Scores: [31, 3, 25, 18, 20, 26, 32, 20, 29, 13, 15, 35, 3, 20, 11, 5, 5, 34, 10, 11]
Weight Statistics:
  Mean: 0.0278
  Std Dev: 0.6784
  Min: -1.0000
  Max: 1.0000
  Positive Weights: 37
  Negative Weights: 36
Weights: 1.0,0.6720965927091624,0.4492200310775022,0.5172349561281415,0.28015107456172894,0.06696716799119093,1.0,0.9648234981564083,-0.3973615845039704,-1.0,0.47283699166905896,-0.996893797415864,0.9641205384829711,0.4829199255753281,-0.5908778316996106,-0.7853387440361095,1.0,-0.1959104669030304,-0.5029437730241799,-0.9237940889117723,-0.9311180212562614,0.9677344218027991,0.7993781623063791,0.5498901132530093,0.6340052994778015,0.7832820742735337,0.7072763541570057,1.0,-1.0,-0.9750461734099307,0.16257438179772382,1.0,-0.7339847198305582,0.15347444540523092,0.5511381492885634,-0.279180807134213,-0.5561168774092267,-1.0,-0.05451299975645454,0.07096295854660528,0.3792242581575962,0.2507821318126138,-0.21855344455685013,-0.33934579114399976,1.0,0.5436910052829089,-0.02406786121303281,-0.25817855064192813,0.8796172230798299,-0.5973126466522354,-0.49887153423042396,-0.9250249706375548,-0.7977845513934783,0.8320097980153103,-0.8691952869824684,-0.18561791060777846,-0.9170414594459699,0.16703858801851723,-0.02971413742150362,-0.7673305164481732,-0.3986952048557722,0.6272685588965947,-0.004575458885605482,0.7904924048334943,0.6408874426203459,-0.7229474449074879,0.28526317643209037,-0.7149485045887829,-0.8339132830332455,-0.3257261730251582,0.35988013987841155,-0.6273639030430744,1.0

================================================================================
Timestamp: 2025-05-26 20:06:21
Game Evaluation Results:
  Average Score: 17.40
  Min Score: 0
  Max Score: 36
  Score Std Dev: 11.77
  All Scores: [4, 18, 35, 0, 28, 36, 10, 35, 7, 27, 1, 18, 5, 22, 15, 32, 24, 4, 18, 9]
Weight Statistics:
  Mean: 0.0278
  Std Dev: 0.6784
  Min: -1.0000
  Max: 1.0000
  Positive Weights: 37
  Negative Weights: 36
Weights: 1.0,0.6720965927091624,0.4492200310775022,0.5172349561281415,0.28015107456172894,0.06696716799119093,1.0,0.9648234981564083,-0.3973615845039704,-1.0,0.47283699166905896,-0.996893797415864,0.9641205384829711,0.4829199255753281,-0.5908778316996106,-0.7853387440361095,1.0,-0.1959104669030304,-0.5029437730241799,-0.9237940889117723,-0.9311180212562614,0.9677344218027991,0.7993781623063791,0.5498901132530093,0.6340052994778015,0.7832820742735337,0.7072763541570057,1.0,-1.0,-0.9750461734099307,0.16257438179772382,1.0,-0.7339847198305582,0.15347444540523092,0.5511381492885634,-0.279180807134213,-0.5561168774092267,-1.0,-0.05451299975645454,0.07096295854660528,0.3792242581575962,0.2507821318126138,-0.21855344455685013,-0.33934579114399976,1.0,0.5436910052829089,-0.02406786121303281,-0.25817855064192813,0.8796172230798299,-0.5973126466522354,-0.49887153423042396,-0.9250249706375548,-0.7977845513934783,0.8320097980153103,-0.8691952869824684,-0.18561791060777846,-0.9170414594459699,0.16703858801851723,-0.02971413742150362,-0.7673305164481732,-0.3986952048557722,0.6272685588965947,-0.004575458885605482,0.7904924048334943,0.6408874426203459,-0.7229474449074879,0.28526317643209037,-0.7149485045887829,-0.8339132830332455,-0.3257261730251582,0.35988013987841155,-0.6273639030430744,1.0

================================================================================
Timestamp: 2025-05-26 22:39:35
Game Evaluation Results:
  Average Score: 10.45
  Min Score: 0
  Max Score: 30
  Score Std Dev: 9.24
  All Scores: [8, 2, 23, 13, 3, 6, 4, 0, 23, 3, 27, 1, 2, 7, 15, 15, 5, 19, 3, 30]
Weight Statistics:
  Mean: -0.0766
  Std Dev: 0.6539
  Min: -1.0000
  Max: 1.0000
  Positive Weights: 33
  Negative Weights: 40
Weights: -1.0,-0.3042858452921712,0.2888124125428071,0.986754698003064,-0.3211657646759847,0.5125410575845145,-0.3855533288094345,-0.2833537968571782,-0.8313546213959695,0.04313047070760756,0.05043930289804055,-0.6792195222090839,0.253867949900206,-0.9698549395262327,0.15029704301500235,-0.38166216190869795,0.3981753593375763,0.6528735784401561,-1.0,-0.2307322409778354,0.014896084154857214,-0.5650086530938562,0.8817357450158323,-0.2826426977118114,-0.9691218635264581,0.29362795164378896,1.0,-1.0,-1.0,-0.3325695206407713,0.7604296182374096,-0.5714018059488948,-0.8733882741060754,0.7361005486727168,0.8183817063636225,-0.45077236308837065,0.7039004285834572,0.744178092064846,-0.6890534268337846,-0.6996931543880958,0.7761530592792648,0.31553441716845,1.0,0.215525507116757,0.816083214940785,-0.40621403996756866,-0.47657104816070384,0.8720208787096481,0.8159590256143753,-0.05886150028269432,-0.6441806507238903,-0.5488674669364296,-0.9517927498980296,-0.5541745214636119,-1.0,-0.08695385506234588,-0.37272384993177676,-0.6557969335738464,-0.18950363472655762,0.7791663941092284,0.8158404085248372,-0.5781894999266737,0.22910800432463285,-0.6342597477994748,0.45843054443737274,0.12615761299136175,-0.9412368845895567,1.0,-0.9968723442085774,-0.4076291401326976,0.5315638741900034,0.5819161090982662,-0.8886766554477372

================================================================================
Timestamp: 2025-05-26 23:40:38
Game Evaluation Results:
  Average Score: 17.25
  Min Score: 0
  Max Score: 28
  Score Std Dev: 7.84
  All Scores: [20, 12, 20, 16, 6, 24, 16, 18, 22, 21, 15, 1, 0, 20, 21, 27, 20, 28, 28, 10]
Weight Statistics:
  Mean: -0.0766
  Std Dev: 0.6539
  Min: -1.0000
  Max: 1.0000
  Positive Weights: 33
  Negative Weights: 40
Weights: -1.0,-0.3042858452921712,0.2888124125428071,0.986754698003064,-0.3211657646759847,0.5125410575845145,-0.3855533288094345,-0.2833537968571782,-0.8313546213959695,0.04313047070760756,0.05043930289804055,-0.6792195222090839,0.253867949900206,-0.9698549395262327,0.15029704301500235,-0.38166216190869795,0.3981753593375763,0.6528735784401561,-1.0,-0.2307322409778354,0.014896084154857214,-0.5650086530938562,0.8817357450158323,-0.2826426977118114,-0.9691218635264581,0.29362795164378896,1.0,-1.0,-1.0,-0.3325695206407713,0.7604296182374096,-0.5714018059488948,-0.8733882741060754,0.7361005486727168,0.8183817063636225,-0.45077236308837065,0.7039004285834572,0.744178092064846,-0.6890534268337846,-0.6996931543880958,0.7761530592792648,0.31553441716845,1.0,0.215525507116757,0.816083214940785,-0.40621403996756866,-0.47657104816070384,0.8720208787096481,0.8159590256143753,-0.05886150028269432,-0.6441806507238903,-0.5488674669364296,-0.9517927498980296,-0.5541745214636119,-1.0,-0.08695385506234588,-0.37272384993177676,-0.6557969335738464,-0.18950363472655762,0.7791663941092284,0.8158404085248372,-0.5781894999266737,0.22910800432463285,-0.6342597477994748,0.45843054443737274,0.12615761299136175,-0.9412368845895567,1.0,-0.9968723442085774,-0.4076291401326976,0.5315638741900034,0.5819161090982662,-0.8886766554477372

================================================================================
Timestamp: 2025-05-26 23:41:54
Game Evaluation Results:
  Average Score: 15.25
  Min Score: 1
  Max Score: 34
  Score Std Dev: 11.25
  All Scores: [16, 1, 21, 27, 32, 2, 25, 1, 9, 2, 25, 16, 9, 34, 13, 9, 27, 30, 4, 2]
Weight Statistics:
  Mean: 0.0278
  Std Dev: 0.6784
  Min: -1.0000
  Max: 1.0000
  Positive Weights: 37
  Negative Weights: 36
Weights: 1.0,0.6720965927091624,0.4492200310775022,0.5172349561281415,0.28015107456172894,0.06696716799119093,1.0,0.9648234981564083,-0.3973615845039704,-1.0,0.47283699166905896,-0.996893797415864,0.9641205384829711,0.4829199255753281,-0.5908778316996106,-0.7853387440361095,1.0,-0.1959104669030304,-0.5029437730241799,-0.9237940889117723,-0.9311180212562614,0.9677344218027991,0.7993781623063791,0.5498901132530093,0.6340052994778015,0.7832820742735337,0.7072763541570057,1.0,-1.0,-0.9750461734099307,0.16257438179772382,1.0,-0.7339847198305582,0.15347444540523092,0.5511381492885634,-0.279180807134213,-0.5561168774092267,-1.0,-0.05451299975645454,0.07096295854660528,0.3792242581575962,0.2507821318126138,-0.21855344455685013,-0.33934579114399976,1.0,0.5436910052829089,-0.02406786121303281,-0.25817855064192813,0.8796172230798299,-0.5973126466522354,-0.49887153423042396,-0.9250249706375548,-0.7977845513934783,0.8320097980153103,-0.8691952869824684,-0.18561791060777846,-0.9170414594459699,0.16703858801851723,-0.02971413742150362,-0.7673305164481732,-0.3986952048557722,0.6272685588965947,-0.004575458885605482,0.7904924048334943,0.6408874426203459,-0.7229474449074879,0.28526317643209037,-0.7149485045887829,-0.8339132830332455,-0.3257261730251582,0.35988013987841155,-0.6273639030430744,1.0

================================================================================
Timestamp: 2025-05-27 00:22:22
Game Evaluation Results:
  Average Score: 15.20
  Min Score: 1
  Max Score: 33
  Score Std Dev: 11.28
  All Scores: [1, 2, 1, 18, 25, 9, 3, 31, 14, 3, 27, 26, 33, 4, 16, 6, 17, 8, 30, 30]
Weight Statistics:
  Mean: -0.0199
  Std Dev: 0.6441
  Min: -1.0000
  Max: 1.0000
  Positive Weights: 33
  Negative Weights: 40
Weights: 0.9447723538411259,0.9719109915093682,0.986950554173766,-0.037731178547383615,-0.022354075798077355,-0.541587573055101,0.6004319825181703,1.0,-1.0,0.04811945652994276,0.4943306587150387,1.0,-0.5686791016541924,-0.36121425200371604,0.6146238400276917,-0.3335497600385807,0.22906661543031814,-1.0,-0.6679908784930833,-0.6493773005092335,-0.7644393416036045,-0.04257649542363373,0.27555306990867356,-0.18667205336186055,0.26383217283031735,0.35580965899329053,-0.6394585481163846,-0.21291421244261777,0.7091596532563699,0.7549706234315183,-0.019123932040790548,0.39173823578311395,-0.24093030300293727,0.1774441980847089,-1.0,0.5223651647882935,-0.9965218962280666,0.09457897805514626,0.7903398672575683,-0.14640878581098393,-0.23519627808223986,-0.4212117043782784,-1.0,-1.0,-1.0,-1.0,-0.05976814959231591,-0.6083681092344964,-0.31186937773996337,-0.5108309309082245,-0.08681301818212595,1.0,-0.9811444168886403,0.1252922493706018,0.5063411850020392,0.8992770369618936,0.5807919960296165,-0.054283993383479556,1.0,0.3195649132195749,-0.09631930038650849,1.0,-0.6381532011230532,0.5034873951142952,1.0,-0.9512064664985534,-0.24132412963226924,0.31460526315165915,-1.0,0.4738478859809361,0.09838039468055981,-0.8548469137803743,-0.020760981185182992

================================================================================
Timestamp: 2025-05-27 00:25:07
Game Evaluation Results:
  Average Score: 9.25
  Min Score: 1
  Max Score: 24
  Score Std Dev: 5.44
  All Scores: [5, 8, 12, 10, 15, 10, 3, 4, 6, 7, 10, 12, 24, 7, 16, 12, 2, 6, 1, 15]
Weight Statistics:
  Mean: -0.0333
  Std Dev: 0.6526
  Min: -1.0000
  Max: 1.0000
  Positive Weights: 38
  Negative Weights: 35
Weights: -0.4141724835069931,-0.912569464614202,-0.9360629278045289,-0.925563751130052,-1.0,-0.5789484549499859,-0.9848922325309717,-0.5989546209487752,-0.6080539637680028,-0.02548425635216267,0.13921184917270624,-1.0,0.42458668427753576,0.17364711485774442,1.0,1.0,-0.22118342727166151,0.7699207262312113,-0.7583250180399503,0.10687826339423157,0.3625663529511475,-0.10409802942170887,0.7043024511740957,0.31412916899078536,0.6444619052184558,1.0,-0.9566286473486609,1.0,1.0,0.2912845593623927,-0.48344133656770716,0.6499139149957165,0.40494775441175723,0.8942363163520295,0.5608236778748805,-0.6082083097183325,0.9085779991512443,0.7717906444395992,0.21522561447120436,-0.3225637311507815,-0.6586443025712572,-0.838554825467343,0.7339151527923415,0.40363023832795797,-0.9563503166162526,-0.5537886174820361,-1.0,-0.6820691728580033,0.4126162418845908,-0.014635961778148299,-0.22454405980287828,0.42044691319385497,-0.7281792684609357,0.39685215090556947,-1.0,-0.15229596940011292,0.4644998122086441,-0.6889487106085637,-0.7026488930013195,0.033049835273134986,-0.20599265772622954,0.6241081687347202,0.5726825098816686,0.5801521387683014,-0.578699651978934,0.6721158619294652,0.5013358456312649,-0.8775981354208149,0.12114771671045232,-1.0,0.019555915194768736,0.24090719164490804,0.3355012739693296

================================================================================
Timestamp: 2025-05-27 00:30:47
Game Evaluation Results:
  Average Score: 20.75
  Min Score: 5
  Max Score: 39
  Score Std Dev: 10.70
  All Scores: [32, 34, 15, 30, 35, 39, 29, 5, 17, 5, 23, 9, 15, 29, 9, 11, 9, 17, 32, 20]
Weight Statistics:
  Mean: -0.0979
  Std Dev: 0.6212
  Min: -1.0000
  Max: 1.0000
  Positive Weights: 30
  Negative Weights: 43
Weights: 0.27262871915817155,0.10243507490674408,-0.5511894141834883,-0.5413621255027927,-0.5614340372299019,0.2837884045305352,-0.7647545200913691,-0.8492725367281014,1.0,-0.5696230189334354,-0.2637121733278822,0.9778397343874004,-0.6451975811648768,0.4208927636529759,-0.3309448981219951,-0.27951490734568474,-0.9156522517385691,-0.6034815444854256,-0.1777766871438733,-1.0,0.9157115282133106,-1.0,-0.39792842264329253,-0.3213749997913993,0.08317869856346571,-0.5373305206216088,0.13384447493094287,0.46955629536676813,1.0,0.2250862835150752,0.07488513660513196,1.0,1.0,0.5964821373465478,0.31284946642999045,-1.0,0.22248938709837152,0.606727435915609,0.09042179868901812,-0.31816333884758075,-0.9378617981925841,-0.6698824173227533,-0.14542807844156203,1.0,-1.0,0.8946437023275873,-0.3344090171929548,-1.0,-1.0,-1.0,0.5824351722647468,-1.0,0.3199924377130875,-1.0,0.14780014781314776,-0.1643084559116026,0.6289398036500541,-0.2489940307280314,-0.05695549853949433,-0.09484328433933675,1.0,-0.09929259923924938,0.6553030709565995,-0.035380094231400094,-0.210820303256958,0.7762733500263037,-0.5809804001532654,-0.297518571767856,0.15363551765573047,-0.24846305219984754,-0.5048072147144029,-0.533540467486124,-0.30189398662616873
